failed to create symbolic link '/home/senseri/ros2_ws/build/serial_motor_demo_msgs/ament_cmake_python/serial_motor_demo_msgs/serial_motor_demo_msgs' because existing path cannot be removed: Is a directory
[  2%] Built target serial_motor_demo_msgs__cpp
[ 12%] Built target serial_motor_demo_msgs__rosidl_generator_c
gmake[2]: *** [CMakeFiles/ament_cmake_python_symlink_serial_motor_demo_msgs.dir/build.make:70: CMakeFiles/ament_cmake_python_symlink_serial_motor_demo_msgs] Error 1
gmake[1]: *** [CMakeFiles/Makefile2:421: CMakeFiles/ament_cmake_python_symlink_serial_motor_demo_msgs.dir/all] Error 2
gmake[1]: *** Waiting for unfinished jobs....
[35m[1mConsolidate compiler generated dependencies of target serial_motor_demo_msgs__rosidl_typesupport_cpp[0m
[ 23%] Built target serial_motor_demo_msgs__rosidl_typesupport_cpp
gmake: *** [Makefile:146: all] Error 2
